app/build/outputs/logs/manifest-merger-debug-report.txt
-- Merging decision tree log ---
manifest
ADDED from src\main\AndroidManifest.xml:17:1-56:12
	package
		ADDED from src\main\AndroidManifest.xml:18:3-32
		INJECTED from src\main\AndroidManifest.xml
		INJECTED from src\main\AndroidManifest.xml
	android:versionName
		ADDED from src\main\AndroidManifest.xml:20:3-28
		INJECTED from src\main\AndroidManifest.xml
		INJECTED from src\main\AndroidManifest.xml
	android:versionCode
		ADDED from src\main\AndroidManifest.xml:19:3-26
		INJECTED from src\main\AndroidManifest.xml
		INJECTED from src\main\AndroidManifest.xml
	xmlns:android
		ADDED from src\main\AndroidManifest.xml:17:11-69
	android:installLocation
		ADDED from src\main\AndroidManifest.xml:21:3-33
uses-sdk
ADDED from src\main\AndroidManifest.xml:23:5-74
	android:targetSdkVersion
		ADDED from src\main\AndroidManifest.xml:23:42-71
		INJECTED from src\main\AndroidManifest.xml
		INJECTED from src\main\AndroidManifest.xml
	android:minSdkVersion
		ADDED from src\main\AndroidManifest.xml:23:15-41
		INJECTED from src\main\AndroidManifest.xml
		INJECTED from src\main\AndroidManifest.xml
uses-permission#android.permission.NFC
ADDED from src\main\AndroidManifest.xml:25:5-62
	android:name
		ADDED from src\main\AndroidManifest.xml:25:22-59
uses-feature#android.hardware.nfc
ADDED from src\main\AndroidManifest.xml:26:5-57
	android:name
		ADDED from src\main\AndroidManifest.xml:26:19-54
application
ADDED from src\main\AndroidManifest.xml:28:5-54:19
	android:label
		ADDED from src\main\AndroidManifest.xml:30:7-39
	android:allowBackup
		ADDED from src\main\AndroidManifest.xml:31:7-33
	android:icon
		ADDED from src\main\AndroidManifest.xml:29:7-38
	android:theme
		ADDED from src\main\AndroidManifest.xml:32:9-45
activity#com.leo.projetetude.MainActivity
ADDED from src\main\AndroidManifest.xml:33:9-40:20
	android:name
		ADDED from src\main\AndroidManifest.xml:34:11-38
intent-filter#android.intent.action.MAIN+android.intent.category.LAUNCHER
ADDED from src\main\AndroidManifest.xml:35:13-38:29
action#android.intent.action.MAIN
ADDED from src\main\AndroidManifest.xml:36:17-69
	android:name
		ADDED from src\main\AndroidManifest.xml:36:25-66
category#android.intent.category.LAUNCHER
ADDED from src\main\AndroidManifest.xml:37:17-77
	android:name
		ADDED from src\main\AndroidManifest.xml:37:27-74
activity#com.leo.projetetude.TagViewer
ADDED from src\main\AndroidManifest.xml:41:9-50:20
	android:screenOrientation
		ADDED from src\main\AndroidManifest.xml:43:13-49
	android:label
		ADDED from src\main\AndroidManifest.xml:42:13-45
	android:launchMode
		ADDED from src\main\AndroidManifest.xml:45:13-48
	android:alwaysRetainTaskState
		ADDED from src\main\AndroidManifest.xml:44:13-49
	android:name
		ADDED from src\main\AndroidManifest.xml:41:19-43
intent-filter#android.intent.category.DEFAULT+android.nfc.action.TAG_DISCOVERED
ADDED from src\main\AndroidManifest.xml:46:13-49:29
action#android.nfc.action.TAG_DISCOVERED
ADDED from src\main\AndroidManifest.xml:47:17-75
	android:name
		ADDED from src\main\AndroidManifest.xml:47:25-73
category#android.intent.category.DEFAULT
ADDED from src\main\AndroidManifest.xml:48:17-75
	android:name
		ADDED from src\main\AndroidManifest.xml:48:27-73
activity#com.leo.projetetude.Organisation
ADDED from src\main\AndroidManifest.xml:51:9-59
	android:name
		ADDED from src\main\AndroidManifest.xml:51:19-47
activity#com.leo.projetetude.Choix
ADDED from src\main\AndroidManifest.xml:52:9-52
	android:name
		ADDED from src\main\AndroidManifest.xml:52:19-40
activity#com.leo.projetetude.Ramassage
ADDED from src\main\AndroidManifest.xml:53:9-56
	android:name
		ADDED from src\main\AndroidManifest.xml:53:19-44